2023-11-01 03:46:52 INFO     Loading data
2023-11-01 03:46:52 INFO     
---------------------------------------------------------------------------

2023-11-01 03:46:52 INFO     Training logistic regression model (No Bias Term; step_size=1)
2023-11-01 03:46:57 INFO     Learned weight vector: [-341.33, 1627.2351, 452.8004, 651.8745, -1098.5961, -497.7727, 866.9366, -506.6063]
2023-11-01 03:46:57 INFO     Train accuracy: 74.68%
2023-11-01 03:46:57 INFO     
---------------------------------------------------------------------------

2023-11-01 03:46:57 INFO     Training logistic regression model (Added Bias Term; step_size=1)
2023-11-01 03:47:03 INFO     Learned weight vector: [-4323.392, 257.8921, -84.8401, 212.1003, 239.9524, 30.2812, 142.2181, 118.2768, 343.3145]
2023-11-01 03:47:03 INFO     Train accuracy: 95.92%
2023-11-01 03:47:03 INFO     
----------------------------------------------------------------------------------------------------

2023-11-01 03:47:03 INFO     Training logistic regression model (No Bias Term; step_size=0.1)
2023-11-01 03:47:08 INFO     Learned weight vector: [-62.4709, 148.2739, 34.3275, 60.0743, -118.1612, -61.9209, 84.7914, -60.126]
2023-11-01 03:47:08 INFO     Train accuracy: 85.84%
2023-11-01 03:47:08 INFO     
---------------------------------------------------------------------------

2023-11-01 03:47:08 INFO     Training logistic regression model (Added Bias Term; step_size=0.1)
2023-11-01 03:47:14 INFO     Learned weight vector: [-411.5745, 23.8918, -9.2874, 20.1712, 23.1029, 2.9321, 13.0412, 10.4698, 33.0279]
2023-11-01 03:47:14 INFO     Train accuracy: 95.28%
2023-11-01 03:47:14 INFO     
----------------------------------------------------------------------------------------------------

2023-11-01 03:47:14 INFO     Training logistic regression model (No Bias Term; step_size=0.01)
2023-11-01 03:47:19 INFO     Learned weight vector: [-4.7255, 16.5512, 3.9401, 6.4157, -12.4888, -5.9264, 8.8469, -5.9882]
2023-11-01 03:47:19 INFO     Train accuracy: 84.33%
2023-11-01 03:47:19 INFO     
---------------------------------------------------------------------------

2023-11-01 03:47:19 INFO     Training logistic regression model (Added Bias Term; step_size=0.01)
2023-11-01 03:47:24 INFO     Learned weight vector: [-40.0357, 3.0216, -0.2534, 2.4309, 2.4355, 0.8877, 1.8328, 1.5013, 3.2737]
2023-11-01 03:47:24 INFO     Train accuracy: 97.0%
2023-11-01 03:47:24 INFO     
----------------------------------------------------------------------------------------------------

2023-11-01 03:47:24 INFO     Training logistic regression model (No Bias Term; step_size=0.0001)
2023-11-01 03:47:29 INFO     Learned weight vector: [-0.2464, 0.8677, 0.2008, 0.2785, -0.6761, -0.3325, 0.4337, -0.3499]
2023-11-01 03:47:29 INFO     Train accuracy: 86.27%
2023-11-01 03:47:29 INFO     
---------------------------------------------------------------------------

2023-11-01 03:47:29 INFO     Training logistic regression model (Added Bias Term; step_size=0.0001)
2023-11-01 03:47:34 INFO     Learned weight vector: [-3.4144, 0.08, 0.4192, 0.2177, 0.2745, -0.2522, 0.0561, 0.2724, -0.0528]
2023-11-01 03:47:34 INFO     Train accuracy: 96.35%
2023-11-01 03:47:34 INFO     
----------------------------------------------------------------------------------------------------

2023-11-01 03:47:34 INFO     Training logistic regression model (No Bias Term; step_size=1e-05)
2023-11-01 03:47:39 INFO     Learned weight vector: [-0.2371, 0.4447, 0.2724, 0.1993, -0.3705, -0.2156, 0.2652, -0.212]
2023-11-01 03:47:39 INFO     Train accuracy: 85.62%
2023-11-01 03:47:39 INFO     
---------------------------------------------------------------------------

2023-11-01 03:47:39 INFO     Training logistic regression model (Added Bias Term; step_size=1e-05)
2023-11-01 03:47:44 INFO     Learned weight vector: [-0.7407, -0.17, 0.4121, 0.2636, 0.2022, -0.3106, -0.1542, 0.2571, -0.1773]
2023-11-01 03:47:44 INFO     Train accuracy: 90.77%
2023-11-01 03:47:44 INFO     
----------------------------------------------------------------------------------------------------

2023-11-01 03:47:44 INFO     step_size_acc_arr: [(95.92274678111588, 1), (95.27896995708154, 0.1), (96.99570815450643, 0.01), (96.35193133047211, 0.0001), (90.77253218884121, 1e-05)]
2023-11-01 03:47:44 INFO     best 3 step sizes: [(96.99570815450643, 0.01), (96.35193133047211, 0.0001), (95.92274678111588, 1)]
2023-11-01 03:47:44 INFO     
----------------------------------------------------------------------------------------------------

2023-11-01 03:47:44 INFO     Running cross-fold validation for bias case:
2023-11-01 03:47:50 INFO     2-fold Cross Val Accuracy -- Mean (stdev): 93.56% (1.717%)
