ARRAY_SIZE    N   NonSimdMul  S      SimdMul  ( SpeedUp)      N   NonSimdSum  S      SimdSum  ( SpeedUp)
t:2
       16384	,N,   1948.41	,S,   1416.33	,  0.73	,N,    429.00	,S,   1512.40	,  3.53,
       32768	,N,   1819.16	,S,   1388.19	,  0.76	,N,    430.89	,S,   1503.67	,  3.49,
       65536	,N,   1864.27	,S,   1371.82	,  0.74	,N,    432.46	,S,   1517.81	,  3.51,
      131072	,N,   1907.92	,S,   1373.06	,  0.72	,N,    434.87	,S,   1508.07	,  3.47,
      262144	,N,   1924.73	,S,   1371.56	,  0.71	,N,    435.28	,S,   1503.99	,  3.46,
      524288	,N,   1937.17	,S,   1365.23	,  0.70	,N,    433.68	,S,   1505.34	,  3.47,
     1048576	,N,   1938.75	,S,   1364.75	,  0.70	,N,    433.86	,S,   1499.52	,  3.46,
     2097152	,N,   1927.70	,S,   1361.26	,  0.71	,N,    433.64	,S,   1493.54	,  3.44,
     4194304	,N,   1571.94	,S,   1155.15	,  0.73	,N,    415.22	,S,   1488.22	,  3.58,
     8388608	,N,    985.51	,S,    869.71	,  0.88	,N,    364.93	,S,   1395.38	,  3.82,
    16777216	,N,    984.65	,S,    847.25	,  0.86	,N,    357.51	,S,   1386.24	,  3.88,
    33554432	,N,    984.93	,S,    846.49	,  0.86	,N,    356.66	,S,   1385.64	,  3.89,
    67108864	,N,    980.65	,S,    843.89	,  0.86	,N,    355.95	,S,   1380.00	,  3.88,
   134217728	,N,    983.73	,S,    845.21	,  0.86	,N,    356.10	,S,   1382.77	,  3.88,
t:4
       16384	,N,    969.69	,S,   1517.88	,  1.57	,N,    254.49	,S,   1506.44	,  5.92,
       32768	,N,   1034.50	,S,   1388.24	,  1.34	,N,    305.49	,S,   1519.02	,  4.97,
       65536	,N,   1457.71	,S,   1378.68	,  0.95	,N,    338.87	,S,   1510.04	,  4.46,
      131072	,N,   1660.30	,S,   1376.90	,  0.83	,N,    366.57	,S,   1502.43	,  4.10,
      262144	,N,   1784.28	,S,   1368.25	,  0.77	,N,    380.96	,S,   1500.76	,  3.94,
      524288	,N,   1849.54	,S,   1366.77	,  0.74	,N,    391.19	,S,   1498.92	,  3.83,
     1048576	,N,   1874.81	,S,   1366.24	,  0.73	,N,    393.17	,S,   1497.45	,  3.81,
     2097152	,N,   1896.61	,S,   1356.79	,  0.72	,N,    394.61	,S,   1492.39	,  3.78,
     4194304	,N,   1630.03	,S,   1164.45	,  0.71	,N,    383.27	,S,   1487.69	,  3.88,
     8388608	,N,   1127.41	,S,    874.38	,  0.78	,N,    339.87	,S,   1370.82	,  4.03,
    16777216	,N,    974.77	,S,    842.08	,  0.86	,N,    332.58	,S,   1363.87	,  4.10,
    33554432	,N,    961.72	,S,    839.20	,  0.87	,N,    329.53	,S,   1340.39	,  4.07,
    67108864	,N,    980.87	,S,    844.91	,  0.86	,N,    331.38	,S,   1377.61	,  4.16,
   134217728	,N,    982.58	,S,    845.22	,  0.86	,N,    331.62	,S,   1381.70	,  4.17,
t:8
       16384	,N,    598.31	,S,   1512.59	,  2.53	,N,    135.42	,S,   1521.55	, 11.24,
       32768	,N,    648.70	,S,   1421.05	,  2.19	,N,    225.73	,S,   1518.43	,  6.73,
       65536	,N,   1103.52	,S,   1369.41	,  1.24	,N,    281.68	,S,   1518.06	,  5.39,
      131072	,N,   1412.10	,S,   1369.95	,  0.97	,N,    320.00	,S,   1509.31	,  4.72,
      262144	,N,   1621.04	,S,   1367.01	,  0.84	,N,    347.60	,S,   1498.45	,  4.31,
      524288	,N,   1741.50	,S,   1366.27	,  0.78	,N,    363.99	,S,   1500.36	,  4.12,
     1048576	,N,   1830.86	,S,   1360.84	,  0.74	,N,    372.38	,S,   1497.78	,  4.02,
     2097152	,N,   1867.40	,S,   1358.42	,  0.73	,N,    376.24	,S,   1492.66	,  3.97,
     4194304	,N,   1610.88	,S,   1191.95	,  0.74	,N,    366.98	,S,   1489.35	,  4.06,
     8388608	,N,   1115.83	,S,    875.08	,  0.78	,N,    328.71	,S,   1385.95	,  4.22,
    16777216	,N,   1011.95	,S,    842.92	,  0.83	,N,    320.28	,S,   1351.18	,  4.22,
    33554432	,N,    975.98	,S,    842.03	,  0.86	,N,    320.05	,S,   1371.34	,  4.28,
    67108864	,N,    966.52	,S,    839.47	,  0.87	,N,    318.70	,S,   1350.94	,  4.24,
   134217728	,N,    982.26	,S,    844.51	,  0.86	,N,    320.55	,S,   1381.52	,  4.31,
t:16
       16384	,N,    339.59	,S,   1514.94	,  4.46	,N,     82.10	,S,   1517.03	, 18.48,
       32768	,N,    319.41	,S,   1418.27	,  4.44	,N,    130.08	,S,   1520.07	, 11.69,
       65536	,N,    840.19	,S,   1372.29	,  1.63	,N,    199.78	,S,   1515.00	,  7.58,
      131072	,N,   1145.57	,S,   1370.35	,  1.20	,N,    249.58	,S,   1504.56	,  6.03,
      262144	,N,   1164.78	,S,   1368.05	,  1.17	,N,    298.27	,S,   1499.95	,  5.03,
      524288	,N,   1446.63	,S,   1368.88	,  0.95	,N,    332.35	,S,   1498.85	,  4.51,
     1048576	,N,   1712.37	,S,   1363.96	,  0.80	,N,    353.69	,S,   1497.35	,  4.23,
     2097152	,N,   1760.01	,S,   1355.68	,  0.77	,N,    362.71	,S,   1492.70	,  4.12,
     4194304	,N,   1565.24	,S,   1185.11	,  0.76	,N,    353.98	,S,   1488.63	,  4.21,
     8388608	,N,   1043.35	,S,    877.69	,  0.84	,N,    319.49	,S,   1368.11	,  4.28,
    16777216	,N,    990.23	,S,    841.65	,  0.85	,N,    312.09	,S,   1327.06	,  4.25,
    33554432	,N,    974.09	,S,    842.16	,  0.86	,N,    313.25	,S,   1346.78	,  4.30,
    67108864	,N,    964.95	,S,    839.35	,  0.87	,N,    313.05	,S,   1348.80	,  4.31,
   134217728	,N,    970.74	,S,    841.96	,  0.87	,N,    313.96	,S,   1358.63	,  4.33,
